{"code":408,"level":"error","message":"need token"}
{"code":408,"level":"error","message":"need token"}
{"code":408,"level":"error","message":"need token"}
{"code":408,"level":"error","message":"need token"}
{"code":408,"level":"error","message":"need token"}
{"code":408,"level":"error","message":"need token"}
{"code":408,"level":"error","message":"need token"}
{"code":408,"level":"error","message":"need token"}
{"code":408,"level":"error","message":"need token"}
{"code":408,"level":"error","message":"need token"}
{"code":408,"level":"error","message":"need token"}
{"code":408,"level":"error","message":"need token"}
{"code":408,"level":"error","message":"need token"}
{"code":408,"level":"error","message":"need token","time":"2023-04-12T15:37:09.948Z"}
{"code":408,"level":"error","message":"need token","time":"2023-04-12T15:37:09.960Z"}
{"code":408,"level":"error","message":"need token","time":"2023-04-12T15:37:10.066Z"}
{"code":408,"level":"error","message":"need token","time":"2023-04-12T15:37:10.071Z"}
{"code":408,"level":"error","message":"need token","time":"2023-04-12T15:37:10.090Z"}
{"code":408,"level":"error","message":"need token","time":"2023-04-12T15:37:10.121Z"}
{"code":408,"level":"error","message":"need token","time":"2023-04-12T15:37:10.131Z"}
{"code":408,"level":"error","message":"need token","time":"2023-04-12T15:37:10.140Z"}
{"code":408,"level":"error","message":"need token","time":"2023-04-12T15:37:10.146Z"}
{"code":408,"level":"error","message":"need token","time":"2023-04-12T15:37:10.156Z"}
{"code":408,"level":"error","message":"need token","time":"2023-04-12T15:37:10.166Z"}
{"code":408,"level":"error","message":"need token","time":"2023-04-12T15:37:10.175Z"}
{"code":408,"level":"error","message":"need token","time":"2023-04-12T15:37:13.062Z"}
{"code":408,"level":"error","message":"need token","time":"2023-04-12T15:37:13.069Z"}
{"code":408,"level":"error","message":"need token","time":"2023-04-12T15:40:45.044Z"}
{"code":408,"level":"error","message":"need token","time":"2023-04-12T15:40:48.988Z"}
{"code":408,"level":"error","message":"need token","time":"2023-04-12T15:40:48.995Z"}
{"code":408,"level":"error","message":"need token","time":"2023-04-12T15:40:57.042Z"}
{"code":408,"level":"error","message":"need token","time":"2023-04-12T15:40:57.049Z"}
{"code":408,"level":"error","message":"need token","time":"2023-04-12T15:41:01.586Z"}
{"code":408,"level":"error","message":"need token","time":"2023-04-12T15:41:01.595Z"}
{"code":408,"level":"error","message":"need token","time":"2023-04-12T15:41:01.604Z"}
{"code":408,"level":"error","message":"need token","time":"2023-04-12T15:41:35.987Z"}
{"code":408,"level":"error","message":"need token","time":"2023-04-12T15:41:35.991Z"}
{"code":408,"level":"error","message":"need token","time":"2023-04-12T15:41:42.854Z"}
{"code":408,"level":"error","message":"need token","time":"2023-04-12T15:42:00.627Z"}
{"code":408,"level":"error","message":"need token","time":"2023-04-12T15:42:00.635Z"}
{"code":408,"level":"error","message":"need token","time":"2023-04-12T15:42:00.645Z"}
{"code":404,"level":"error","message":"Wrong password","time":"2023-04-12T15:42:20.222Z"}
{"code":408,"level":"error","message":"need token","stackTrace":"TokenError: need token\n    at module.exports.checkAuth (D:\\Desktop\\Exam freshcode\\server\\middlewares\\checkToken.js:9:17)\n    at Layer.handle [as handle_request] (D:\\Desktop\\Exam freshcode\\server\\node_modules\\express\\lib\\router\\layer.js:95:5)\n    at next (D:\\Desktop\\Exam freshcode\\server\\node_modules\\express\\lib\\router\\route.js:137:13)\n    at Route.dispatch (D:\\Desktop\\Exam freshcode\\server\\node_modules\\express\\lib\\router\\route.js:112:3)\n    at Layer.handle [as handle_request] (D:\\Desktop\\Exam freshcode\\server\\node_modules\\express\\lib\\router\\layer.js:95:5)\n    at D:\\Desktop\\Exam freshcode\\server\\node_modules\\express\\lib\\router\\index.js:281:22\n    at Function.process_params (D:\\Desktop\\Exam freshcode\\server\\node_modules\\express\\lib\\router\\index.js:335:12)\n    at next (D:\\Desktop\\Exam freshcode\\server\\node_modules\\express\\lib\\router\\index.js:275:10)\n    at Function.handle (D:\\Desktop\\Exam freshcode\\server\\node_modules\\express\\lib\\router\\index.js:174:3)\n    at router (D:\\Desktop\\Exam freshcode\\server\\node_modules\\express\\lib\\router\\index.js:47:12)\n    at Layer.handle [as handle_request] (D:\\Desktop\\Exam freshcode\\server\\node_modules\\express\\lib\\router\\layer.js:95:5)\n    at trim_prefix (D:\\Desktop\\Exam freshcode\\server\\node_modules\\express\\lib\\router\\index.js:317:13)\n    at D:\\Desktop\\Exam freshcode\\server\\node_modules\\express\\lib\\router\\index.js:284:7\n    at Function.process_params (D:\\Desktop\\Exam freshcode\\server\\node_modules\\express\\lib\\router\\index.js:335:12)\n    at next (D:\\Desktop\\Exam freshcode\\server\\node_modules\\express\\lib\\router\\index.js:275:10)\n    at Function.handle (D:\\Desktop\\Exam freshcode\\server\\node_modules\\express\\lib\\router\\index.js:174:3)","time":"2023-04-12T15:46:33.889Z"}
{"code":408,"level":"error","message":"need token","stackTrace":"TokenError: need token\n    at module.exports.checkAuth (D:\\Desktop\\Exam freshcode\\server\\middlewares\\checkToken.js:9:17)\n    at Layer.handle [as handle_request] (D:\\Desktop\\Exam freshcode\\server\\node_modules\\express\\lib\\router\\layer.js:95:5)\n    at next (D:\\Desktop\\Exam freshcode\\server\\node_modules\\express\\lib\\router\\route.js:137:13)\n    at Route.dispatch (D:\\Desktop\\Exam freshcode\\server\\node_modules\\express\\lib\\router\\route.js:112:3)\n    at Layer.handle [as handle_request] (D:\\Desktop\\Exam freshcode\\server\\node_modules\\express\\lib\\router\\layer.js:95:5)\n    at D:\\Desktop\\Exam freshcode\\server\\node_modules\\express\\lib\\router\\index.js:281:22\n    at Function.process_params (D:\\Desktop\\Exam freshcode\\server\\node_modules\\express\\lib\\router\\index.js:335:12)\n    at next (D:\\Desktop\\Exam freshcode\\server\\node_modules\\express\\lib\\router\\index.js:275:10)\n    at Function.handle (D:\\Desktop\\Exam freshcode\\server\\node_modules\\express\\lib\\router\\index.js:174:3)\n    at router (D:\\Desktop\\Exam freshcode\\server\\node_modules\\express\\lib\\router\\index.js:47:12)\n    at Layer.handle [as handle_request] (D:\\Desktop\\Exam freshcode\\server\\node_modules\\express\\lib\\router\\layer.js:95:5)\n    at trim_prefix (D:\\Desktop\\Exam freshcode\\server\\node_modules\\express\\lib\\router\\index.js:317:13)\n    at D:\\Desktop\\Exam freshcode\\server\\node_modules\\express\\lib\\router\\index.js:284:7\n    at Function.process_params (D:\\Desktop\\Exam freshcode\\server\\node_modules\\express\\lib\\router\\index.js:335:12)\n    at next (D:\\Desktop\\Exam freshcode\\server\\node_modules\\express\\lib\\router\\index.js:275:10)\n    at Function.handle (D:\\Desktop\\Exam freshcode\\server\\node_modules\\express\\lib\\router\\index.js:174:3)","time":"2023-04-12T15:46:33.900Z"}
{"code":408,"level":"error","message":"need token","stackTrace":"TokenError: need token\n    at module.exports.checkAuth (D:\\Desktop\\Exam freshcode\\server\\middlewares\\checkToken.js:9:17)\n    at Layer.handle [as handle_request] (D:\\Desktop\\Exam freshcode\\server\\node_modules\\express\\lib\\router\\layer.js:95:5)\n    at next (D:\\Desktop\\Exam freshcode\\server\\node_modules\\express\\lib\\router\\route.js:137:13)\n    at Route.dispatch (D:\\Desktop\\Exam freshcode\\server\\node_modules\\express\\lib\\router\\route.js:112:3)\n    at Layer.handle [as handle_request] (D:\\Desktop\\Exam freshcode\\server\\node_modules\\express\\lib\\router\\layer.js:95:5)\n    at D:\\Desktop\\Exam freshcode\\server\\node_modules\\express\\lib\\router\\index.js:281:22\n    at Function.process_params (D:\\Desktop\\Exam freshcode\\server\\node_modules\\express\\lib\\router\\index.js:335:12)\n    at next (D:\\Desktop\\Exam freshcode\\server\\node_modules\\express\\lib\\router\\index.js:275:10)\n    at Function.handle (D:\\Desktop\\Exam freshcode\\server\\node_modules\\express\\lib\\router\\index.js:174:3)\n    at router (D:\\Desktop\\Exam freshcode\\server\\node_modules\\express\\lib\\router\\index.js:47:12)\n    at Layer.handle [as handle_request] (D:\\Desktop\\Exam freshcode\\server\\node_modules\\express\\lib\\router\\layer.js:95:5)\n    at trim_prefix (D:\\Desktop\\Exam freshcode\\server\\node_modules\\express\\lib\\router\\index.js:317:13)\n    at D:\\Desktop\\Exam freshcode\\server\\node_modules\\express\\lib\\router\\index.js:284:7\n    at Function.process_params (D:\\Desktop\\Exam freshcode\\server\\node_modules\\express\\lib\\router\\index.js:335:12)\n    at next (D:\\Desktop\\Exam freshcode\\server\\node_modules\\express\\lib\\router\\index.js:275:10)\n    at Function.handle (D:\\Desktop\\Exam freshcode\\server\\node_modules\\express\\lib\\router\\index.js:174:3)","time":"2023-04-12T15:46:33.908Z"}
{"code":404,"level":"error","message":"Wrong password","stackTrace":"UserNotFoundError: Wrong password\n    at Object.module.exports.passwordCompare (D:\\Desktop\\Exam freshcode\\server\\controllers\\queries\\userQueries.js:36:11)\n    at async module.exports.login (D:\\Desktop\\Exam freshcode\\server\\controllers\\authController.js:9:5)","time":"2023-04-12T15:46:38.692Z"}
